Build started 12/31/2015 11:13:18 AM.
     1>Project "D:\OOP project\ScientificCalculator\ConsoleApplication1.vcxproj" on node 2 (Build target(s)).
     1>ClCompile:
         C:\Program Files (x86)\Microsoft Visual Studio 12.0\VC\bin\CL.exe /c /ZI /nologo /W3 /WX- /sdl /Od /Oy- /D WIN32 /D _DEBUG /D _CONSOLE /D _LIB /D _UNICODE /D UNICODE /Gm /EHsc /RTC1 /MDd /GS /fp:precise /Zc:wchar_t /Zc:forScope /Fo"Debug\\" /Fd"Debug\vc120.pdb" /Gd /TP /analyze- /errorReport:prompt proj.cpp
         proj.cpp
     1>d:\oop project\scientificcalculator\adv\trignometric.h(37): warning C4244: '=' : conversion from 'float' to 'int', possible loss of data
     1>d:\oop project\scientificcalculator\sci\power.h(30): warning C4244: 'initializing' : conversion from 'double' to 'float', possible loss of data
     1>d:\oop project\scientificcalculator\sci\scientificcalc.h(47): warning C4244: '=' : conversion from 'int' to 'float', possible loss of data
     1>d:\oop project\scientificcalculator\sci\scientificcalc.h(50): warning C4244: 'argument' : conversion from 'float' to 'int', possible loss of data
     1>d:\oop project\scientificcalculator\sci\scientificcalc.h(98): warning C4244: '=' : conversion from 'float' to 'int', possible loss of data
     1>d:\oop project\scientificcalculator\sci\scientificcalc.h(107): warning C4244: '=' : conversion from 'float' to 'int', possible loss of data
     1>d:\oop project\scientificcalculator\sci\scientificcalc.h(161): warning C4244: '=' : conversion from 'double' to 'float', possible loss of data
     1>d:\oop project\scientificcalculator\basic.h(48): warning C4806: '==' : unsafe operation: no value of type 'bool' promoted to type 'char' can equal the given constant
     1>d:\oop project\scientificcalculator\basic.h(77): warning C4244: '=' : conversion from 'int' to 'float', possible loss of data
       Link:
         C:\Program Files (x86)\Microsoft Visual Studio 12.0\VC\bin\link.exe /ERRORREPORT:PROMPT /OUT:"D:\OOP project\ScientificCalculator\Debug\ConsoleApplication1.exe" /INCREMENTAL /NOLOGO kernel32.lib user32.lib gdi32.lib winspool.lib comdlg32.lib advapi32.lib shell32.lib ole32.lib oleaut32.lib uuid.lib odbc32.lib odbccp32.lib /MANIFEST /MANIFESTUAC:"level='asInvoker' uiAccess='false'" /manifest:embed /DEBUG /PDB:"D:\OOP project\ScientificCalculator\Debug\ConsoleApplication1.pdb" /SUBSYSTEM:CONSOLE /TLBID:1 /DYNAMICBASE /NXCOMPAT /IMPLIB:"D:\OOP project\ScientificCalculator\Debug\ConsoleApplication1.lib" /MACHINE:X86 Debug\proj.obj
         ConsoleApplication1.vcxproj -> D:\OOP project\ScientificCalculator\Debug\ConsoleApplication1.exe
     1>Done Building Project "D:\OOP project\ScientificCalculator\ConsoleApplication1.vcxproj" (Build target(s)).

Build succeeded.

Time Elapsed 00:00:04.07
